2025-03-10 12:23:35 INFO  - Commencing graceful shutdown. Waiting for active requests to complete
2025-03-10 12:23:35 INFO  - Graceful shutdown complete
2025-03-10 12:43:39 INFO  - Starting DemoAppApplication using Java 21.0.6 with PID 19108 (/Users/apple/Desktop/demo-log/demo-app/build/classes/java/main started by apple in /Users/apple/Desktop/demo-log/demo-app)
2025-03-10 12:43:39 INFO  - The following 1 profile is active: "local"
2025-03-10 12:43:39 INFO  - Fetching config from server at : http://localhost:8888
2025-03-10 12:43:39 INFO  - Located environment: name=application, profiles=[default], label=null, version=1c1fdef36cfc6368d3c38dc828e0cfda9927a100, state=
2025-03-10 12:43:39 INFO  - Fetching config from server at : http://localhost:8888
2025-03-10 12:43:39 INFO  - Located environment: name=application, profiles=[local], label=null, version=1c1fdef36cfc6368d3c38dc828e0cfda9927a100, state=
2025-03-10 12:43:40 INFO  - BeanFactory id=8c325957-fcb6-36fa-acfe-f4578bed43c4
2025-03-10 12:43:40 INFO  - Tomcat initialized with port 8080 (http)
2025-03-10 12:43:40 INFO  - Initializing ProtocolHandler ["http-nio-8080"]
2025-03-10 12:43:40 INFO  - Starting service [Tomcat]
2025-03-10 12:43:40 INFO  - Starting Servlet engine: [Apache Tomcat/10.1.36]
2025-03-10 12:43:40 INFO  - Initializing Spring embedded WebApplicationContext
2025-03-10 12:43:40 INFO  - Root WebApplicationContext: initialization completed in 805 ms
2025-03-10 12:43:41 INFO  - Exposing 1 endpoint beneath base path '/actuator'
2025-03-10 12:43:41 INFO  - Starting ProtocolHandler ["http-nio-8080"]
2025-03-10 12:43:41 INFO  - Tomcat started on port 8080 (http) with context path '/'
2025-03-10 12:43:41 INFO  - Started DemoAppApplication in 2.575 seconds (process running for 3.147)
2025-03-10 12:43:41 INFO  - Initializing Spring DispatcherServlet 'dispatcherServlet'
2025-03-10 12:43:41 INFO  - Initializing Servlet 'dispatcherServlet'
2025-03-10 12:43:41 INFO  - Completed initialization in 1 ms
2025-03-10 12:52:37 INFO  - Commencing graceful shutdown. Waiting for active requests to complete
2025-03-10 12:52:37 INFO  - Graceful shutdown complete
